

========================================ERM========================================
{'n_restarts': 1, 'steps': 51, 'n_classes': 2, 'fc_only': True, 'model_path': './models/', 'transform': {'train': Compose(
    CenterCrop(size=(224, 224))
    ToTensor()
    Normalize(mean=[0.485, 0.456, 0.406], std=[0.229, 0.224, 0.225])
), 'test': Compose(
    CenterCrop(size=(224, 224))
    ToTensor()
    Normalize(mean=[0.485, 0.456, 0.406], std=[0.229, 0.224, 0.225])
)}, 'loader_tr_args': {'batch_size': 100, 'num_workers': 1}, 'loader_te_args': {'batch_size': 100, 'num_workers': 1}, 'loader_sample_args': {'batch_size': 100, 'num_workers': 1}, 'optimizer_args': {'lr': 0.001, 'l2_regularizer_weight': 0.001, 'penalty_anneal_iters': 0, 'penalty_weight': 0.0}}
../../../data/wildcam_subset_sample/train_43
== Found 1224 items 
== Found 2 classes
train environment:  43
['/coyote', '/raccoon']
['../../../data/wildcam_subset_sample/train_43/raccoon/59641fc0-23d2-11e8-a6a3-ec086b02610b.jpg'
 '../../../data/wildcam_subset_sample/train_43/raccoon/5964201a-23d2-11e8-a6a3-ec086b02610b.jpg'
 '../../../data/wildcam_subset_sample/train_43/raccoon/5965a8dc-23d2-11e8-a6a3-ec086b02610b.jpg'
 '../../../data/wildcam_subset_sample/train_43/raccoon/5965a9ee-23d2-11e8-a6a3-ec086b02610b.jpg']
class_indices:  [(0, '/coyote'), (1, '/raccoon')]
../../../data/wildcam_subset_sample/train_46
== Found 2337 items 
== Found 2 classes
train environment:  46
['/coyote', '/raccoon']
['../../../data/wildcam_subset_sample/train_46/raccoon/59641da8-23d2-11e8-a6a3-ec086b02610b.jpg'
 '../../../data/wildcam_subset_sample/train_46/raccoon/59641db6-23d2-11e8-a6a3-ec086b02610b.jpg'
 '../../../data/wildcam_subset_sample/train_46/raccoon/59641e0b-23d2-11e8-a6a3-ec086b02610b.jpg'
 '../../../data/wildcam_subset_sample/train_46/raccoon/59641e1b-23d2-11e8-a6a3-ec086b02610b.jpg']
class_indices:  [(0, '/coyote'), (1, '/raccoon')]
../../../data/wildcam_subset_sample/train_88
== Found 447 items 
== Found 2 classes
train environment:  88
['/coyote', '/raccoon']
['../../../data/wildcam_subset_sample/train_88/raccoon/585c032a-23d2-11e8-a6a3-ec086b02610b.jpg'
 '../../../data/wildcam_subset_sample/train_88/raccoon/585c0496-23d2-11e8-a6a3-ec086b02610b.jpg'
 '../../../data/wildcam_subset_sample/train_88/raccoon/5864354a-23d2-11e8-a6a3-ec086b02610b.jpg'
 '../../../data/wildcam_subset_sample/train_88/raccoon/5865e431-23d2-11e8-a6a3-ec086b02610b.jpg']
class_indices:  [(0, '/coyote'), (1, '/raccoon')]
../../../data/wildcam_subset_sample/train_130
== Found 668 items 
== Found 2 classes
train environment:  130
['/coyote', '/raccoon']
['../../../data/wildcam_subset_sample/train_130/coyote/585a629b-23d2-11e8-a6a3-ec086b02610b.jpg'
 '../../../data/wildcam_subset_sample/train_130/coyote/585a648a-23d2-11e8-a6a3-ec086b02610b.jpg'
 '../../../data/wildcam_subset_sample/train_130/coyote/585da9ff-23d2-11e8-a6a3-ec086b02610b.jpg'
 '../../../data/wildcam_subset_sample/train_130/coyote/585dabb0-23d2-11e8-a6a3-ec086b02610b.jpg']
class_indices:  [(0, '/coyote'), (1, '/raccoon')]
../../../data/wildcam_subset_sample/test
== Found 651 items 
== Found 2 classes
['/coyote', '/raccoon']
['../../../data/wildcam_subset_sample/test/raccoon/585c063f-23d2-11e8-a6a3-ec086b02610b.jpg'
 '../../../data/wildcam_subset_sample/test/raccoon/585dac58-23d2-11e8-a6a3-ec086b02610b.jpg'
 '../../../data/wildcam_subset_sample/test/raccoon/585f4cbc-23d2-11e8-a6a3-ec086b02610b.jpg'
 '../../../data/wildcam_subset_sample/test/raccoon/585f5022-23d2-11e8-a6a3-ec086b02610b.jpg']
working with  4 training environments datasets: 
env['images']:  1224
env['labels']:  1224
env['images']:  2337
env['labels']:  2337
env['images']:  447
env['labels']:  447
env['images']:  668
env['labels']:  668
x_test:  651
y_test:  651
Using GPU - True
feature extraction
step            train nll       train acc       train penalty   test nll        test acc     
0               0.76190         0.42069         0.01174         0.74784         0.42151      
10              0.71264         0.49046         0.00322         0.67535         0.55546      
